<?xml version="1.0" encoding="UTF-8"?>
<!-- Generated by org.testng.reporters.JUnitReportReporter -->
<testsuite hostname="LAPTOP-4EEPAOT0" failures="0" tests="3" name="runners.TestRunner" time="0.158" errors="0" timestamp="2022-11-26T23:59:30 EST" skipped="0">
  <testcase classname="runners.TestRunner" name="runScenario" time="0.016"/>
  <system-out/>
  <testcase classname="runners.TestRunner" name="runScenario" time="0.007"/>
  <system-out/>
  <testcase classname="runners.TestRunner" name="runScenario" time="0.135"/>
  <system-out/>
</testsuite> <!-- runners.TestRunner -->
