<?xml version="1.0" encoding="UTF-8"?>
<!-- Generated by org.testng.reporters.JUnitReportReporter -->
<testsuite hostname="LAPTOP-4EEPAOT0" failures="0" tests="1" name="hooks.hook1" time="0.014" errors="0" timestamp="2022-10-31T10:05:06 EDT" skipped="0">
  <testcase classname="hooks.hook1" name="testing" time="0.014"/>
  <system-out/>
</testsuite> <!-- hooks.hook1 -->
