<?xml version="1.0" encoding="UTF-8"?>
<!-- Generated by org.testng.reporters.JUnitReportReporter -->
<testsuite hostname="LAPTOP-4EEPAOT0" failures="0" tests="4" name="runners.TestRunner" time="19.567" errors="0" timestamp="2022-11-04T21:15:42 EDT" skipped="0">
  <testcase classname="runners.TestRunner" name="runScenario" time="4.663"/>
  <system-out/>
  <testcase classname="runners.TestRunner" name="runScenario" time="4.287"/>
  <system-out/>
  <testcase classname="runners.TestRunner" name="runScenario" time="5.736"/>
  <system-out/>
  <testcase classname="runners.TestRunner" name="runScenario" time="4.881"/>
  <system-out/>
</testsuite> <!-- runners.TestRunner -->
